<?xml version="1.0" encoding="UTF-8"?>
<testng-results ignored="0" total="5" passed="4" failed="1" skipped="0">
  <reporter-output>
  </reporter-output>
  <suite started-at="2025-07-29T21:16:03 IST" name="Suite" finished-at="2025-07-29T21:16:03 IST" duration-ms="69">
    <groups>
    </groups>
    <test started-at="2025-07-29T21:16:03 IST" name="Test" finished-at="2025-07-29T21:16:03 IST" duration-ms="69">
      <class name="testng.frameworkconcepts.Appmethods">
        <test-method is-config="true" signature="startreporting()[pri:0, instance:testng.frameworkconcepts.Appmethods@2e377400]" started-at="2025-07-29T21:16:03 IST" name="startreporting" finished-at="2025-07-29T21:16:03 IST" duration-ms="7" status="PASS">
          <reporter-output>
          </reporter-output>
        </test-method> <!-- startreporting -->
        <test-method is-config="true" signature="launchbrowserandapplication(java.lang.String,java.lang.String)[pri:0, instance:testng.frameworkconcepts.Appmethods@2e377400]" started-at="2025-07-29T21:16:03 IST" name="launchbrowserandapplication" finished-at="2025-07-29T21:16:03 IST" duration-ms="2" status="PASS">
          <params>
            <param index="0">
              <value>
                <![CDATA[Chrome]]>
              </value>
            </param>
            <param index="1">
              <value>
                <![CDATA[https://www.example.com]]>
              </value>
            </param>
          </params>
          <reporter-output>
          </reporter-output>
        </test-method> <!-- launchbrowserandapplication -->
        <test-method is-config="true" signature="loginfuntionality1(java.lang.String,java.lang.String)[pri:0, instance:testng.frameworkconcepts.Appmethods@2e377400]" started-at="2025-07-29T21:16:03 IST" name="loginfuntionality1" finished-at="2025-07-29T21:16:03 IST" depends-on-methods="testng.frameworkconcepts.Webmethods.launchbrowserandapplication" duration-ms="1" status="PASS">
          <params>
            <param index="0">
              <value>
                <![CDATA[ADMIN]]>
              </value>
            </param>
            <param index="1">
              <value>
                <![CDATA[password123]]>
              </value>
            </param>
          </params>
          <reporter-output>
          </reporter-output>
        </test-method> <!-- loginfuntionality1 -->
        <test-method signature="testcase1()[pri:0, instance:testng.frameworkconcepts.Appmethods@2e377400]" started-at="2025-07-29T21:16:03 IST" name="testcase1" finished-at="2025-07-29T21:16:03 IST" duration-ms="6" status="FAIL">
          <exception class="java.lang.AssertionError">
            <message>
              <![CDATA[testcase1 failed for somereason]]>
            </message>
            <full-stacktrace>
              <![CDATA[java.lang.AssertionError: testcase1 failed for somereason
at org.testng.Assert.fail(Assert.java:111)
at testng.frameworkconcepts.Appmethods.testcase1(Appmethods.java:54)
at java.base/jdk.internal.reflect.DirectMethodHandleAccessor.invoke(DirectMethodHandleAccessor.java:103)
at java.base/java.lang.reflect.Method.invoke(Method.java:580)
at org.testng.internal.invokers.MethodInvocationHelper.invokeMethod(MethodInvocationHelper.java:141)
at org.testng.internal.invokers.TestInvoker.invokeMethod(TestInvoker.java:687)
at org.testng.internal.invokers.TestInvoker.invokeTestMethod(TestInvoker.java:230)
at org.testng.internal.invokers.MethodRunner.runInSequence(MethodRunner.java:63)
at org.testng.internal.invokers.TestInvoker$MethodInvocationAgent.invoke(TestInvoker.java:995)
at org.testng.internal.invokers.TestInvoker.invokeTestMethods(TestInvoker.java:203)
at org.testng.internal.invokers.TestMethodWorker.invokeTestMethods(TestMethodWorker.java:154)
at org.testng.internal.invokers.TestMethodWorker.run(TestMethodWorker.java:134)
at java.base/java.util.ArrayList.forEach(ArrayList.java:1597)
at org.testng.TestRunner.privateRun(TestRunner.java:741)
at org.testng.TestRunner.run(TestRunner.java:616)
at org.testng.SuiteRunner.runTest(SuiteRunner.java:421)
at org.testng.SuiteRunner.runSequentially(SuiteRunner.java:413)
at org.testng.SuiteRunner.privateRun(SuiteRunner.java:373)
at org.testng.SuiteRunner.run(SuiteRunner.java:312)
at org.testng.SuiteRunnerWorker.runSuite(SuiteRunnerWorker.java:52)
at org.testng.SuiteRunnerWorker.run(SuiteRunnerWorker.java:95)
at org.testng.TestNG.runSuitesSequentially(TestNG.java:1274)
at org.testng.TestNG.runSuitesLocally(TestNG.java:1208)
at org.testng.TestNG.runSuites(TestNG.java:1112)
at org.testng.TestNG.run(TestNG.java:1079)
at org.testng.remote.AbstractRemoteTestNG.run(AbstractRemoteTestNG.java:115)
at org.testng.remote.RemoteTestNG.initAndRun(RemoteTestNG.java:293)
at org.testng.remote.RemoteTestNG.main(RemoteTestNG.java:91)
]]>
            </full-stacktrace>
          </exception> <!-- java.lang.AssertionError -->
          <reporter-output>
          </reporter-output>
        </test-method> <!-- testcase1 -->
        <test-method is-config="true" signature="closebrowser()[pri:0, instance:testng.frameworkconcepts.Appmethods@2e377400]" started-at="2025-07-29T21:16:03 IST" name="closebrowser" finished-at="2025-07-29T21:16:03 IST" duration-ms="1" status="PASS">
          <reporter-output>
          </reporter-output>
        </test-method> <!-- closebrowser -->
        <test-method is-config="true" signature="logoutFromApp()[pri:0, instance:testng.frameworkconcepts.Appmethods@2e377400]" started-at="2025-07-29T21:16:03 IST" name="logoutFromApp" finished-at="2025-07-29T21:16:03 IST" duration-ms="0" status="PASS">
          <reporter-output>
          </reporter-output>
        </test-method> <!-- logoutFromApp -->
        <test-method is-config="true" signature="launchbrowserandapplication(java.lang.String,java.lang.String)[pri:0, instance:testng.frameworkconcepts.Appmethods@2e377400]" started-at="2025-07-29T21:16:03 IST" name="launchbrowserandapplication" finished-at="2025-07-29T21:16:03 IST" duration-ms="1" status="PASS">
          <params>
            <param index="0">
              <value>
                <![CDATA[Chrome]]>
              </value>
            </param>
            <param index="1">
              <value>
                <![CDATA[https://www.example.com]]>
              </value>
            </param>
          </params>
          <reporter-output>
          </reporter-output>
        </test-method> <!-- launchbrowserandapplication -->
        <test-method is-config="true" signature="loginfuntionality1(java.lang.String,java.lang.String)[pri:0, instance:testng.frameworkconcepts.Appmethods@2e377400]" started-at="2025-07-29T21:16:03 IST" name="loginfuntionality1" finished-at="2025-07-29T21:16:03 IST" depends-on-methods="testng.frameworkconcepts.Webmethods.launchbrowserandapplication" duration-ms="0" status="PASS">
          <params>
            <param index="0">
              <value>
                <![CDATA[ADMIN]]>
              </value>
            </param>
            <param index="1">
              <value>
                <![CDATA[password123]]>
              </value>
            </param>
          </params>
          <reporter-output>
          </reporter-output>
        </test-method> <!-- loginfuntionality1 -->
        <test-method signature="testcase2()[pri:0, instance:testng.frameworkconcepts.Appmethods@2e377400]" started-at="2025-07-29T21:16:03 IST" name="testcase2" finished-at="2025-07-29T21:16:03 IST" duration-ms="1" status="PASS">
          <reporter-output>
          </reporter-output>
        </test-method> <!-- testcase2 -->
        <test-method is-config="true" signature="logoutFromApp()[pri:0, instance:testng.frameworkconcepts.Appmethods@2e377400]" started-at="2025-07-29T21:16:03 IST" name="logoutFromApp" finished-at="2025-07-29T21:16:03 IST" duration-ms="1" status="PASS">
          <reporter-output>
          </reporter-output>
        </test-method> <!-- logoutFromApp -->
        <test-method is-config="true" signature="closebrowser()[pri:0, instance:testng.frameworkconcepts.Appmethods@2e377400]" started-at="2025-07-29T21:16:03 IST" name="closebrowser" finished-at="2025-07-29T21:16:03 IST" duration-ms="0" status="PASS">
          <reporter-output>
          </reporter-output>
        </test-method> <!-- closebrowser -->
        <test-method is-config="true" signature="launchbrowserandapplication(java.lang.String,java.lang.String)[pri:0, instance:testng.frameworkconcepts.Appmethods@2e377400]" started-at="2025-07-29T21:16:03 IST" name="launchbrowserandapplication" finished-at="2025-07-29T21:16:03 IST" duration-ms="1" status="PASS">
          <params>
            <param index="0">
              <value>
                <![CDATA[Chrome]]>
              </value>
            </param>
            <param index="1">
              <value>
                <![CDATA[https://www.example.com]]>
              </value>
            </param>
          </params>
          <reporter-output>
          </reporter-output>
        </test-method> <!-- launchbrowserandapplication -->
        <test-method signature="testcase3(double,double)[pri:0, instance:testng.frameworkconcepts.Appmethods@2e377400]" started-at="2025-07-29T21:16:03 IST" name="testcase3" data-provider="testData" finished-at="2025-07-29T21:16:03 IST" duration-ms="7" status="PASS">
          <params>
            <param index="0">
              <value>
                <![CDATA[1000.0]]>
              </value>
            </param>
            <param index="1">
              <value>
                <![CDATA[5.0]]>
              </value>
            </param>
          </params>
          <reporter-output>
          </reporter-output>
        </test-method> <!-- testcase3 -->
        <test-method is-config="true" signature="loginfuntionality1(java.lang.String,java.lang.String)[pri:0, instance:testng.frameworkconcepts.Appmethods@2e377400]" started-at="2025-07-29T21:16:03 IST" name="loginfuntionality1" finished-at="2025-07-29T21:16:03 IST" depends-on-methods="testng.frameworkconcepts.Webmethods.launchbrowserandapplication" duration-ms="0" status="PASS">
          <params>
            <param index="0">
              <value>
                <![CDATA[ADMIN]]>
              </value>
            </param>
            <param index="1">
              <value>
                <![CDATA[password123]]>
              </value>
            </param>
          </params>
          <reporter-output>
          </reporter-output>
        </test-method> <!-- loginfuntionality1 -->
        <test-method is-config="true" signature="logoutFromApp()[pri:0, instance:testng.frameworkconcepts.Appmethods@2e377400]" started-at="2025-07-29T21:16:03 IST" name="logoutFromApp" finished-at="2025-07-29T21:16:03 IST" duration-ms="0" status="PASS">
          <reporter-output>
          </reporter-output>
        </test-method> <!-- logoutFromApp -->
        <test-method is-config="true" signature="closebrowser()[pri:0, instance:testng.frameworkconcepts.Appmethods@2e377400]" started-at="2025-07-29T21:16:03 IST" name="closebrowser" finished-at="2025-07-29T21:16:03 IST" duration-ms="0" status="PASS">
          <reporter-output>
          </reporter-output>
        </test-method> <!-- closebrowser -->
        <test-method is-config="true" signature="launchbrowserandapplication(java.lang.String,java.lang.String)[pri:0, instance:testng.frameworkconcepts.Appmethods@2e377400]" started-at="2025-07-29T21:16:03 IST" name="launchbrowserandapplication" finished-at="2025-07-29T21:16:03 IST" duration-ms="0" status="PASS">
          <params>
            <param index="0">
              <value>
                <![CDATA[Chrome]]>
              </value>
            </param>
            <param index="1">
              <value>
                <![CDATA[https://www.example.com]]>
              </value>
            </param>
          </params>
          <reporter-output>
          </reporter-output>
        </test-method> <!-- launchbrowserandapplication -->
        <test-method is-config="true" signature="loginfuntionality1(java.lang.String,java.lang.String)[pri:0, instance:testng.frameworkconcepts.Appmethods@2e377400]" started-at="2025-07-29T21:16:03 IST" name="loginfuntionality1" finished-at="2025-07-29T21:16:03 IST" depends-on-methods="testng.frameworkconcepts.Webmethods.launchbrowserandapplication" duration-ms="1" status="PASS">
          <params>
            <param index="0">
              <value>
                <![CDATA[ADMIN]]>
              </value>
            </param>
            <param index="1">
              <value>
                <![CDATA[password123]]>
              </value>
            </param>
          </params>
          <reporter-output>
          </reporter-output>
        </test-method> <!-- loginfuntionality1 -->
        <test-method signature="testcase3(double,double)[pri:0, instance:testng.frameworkconcepts.Appmethods@2e377400]" started-at="2025-07-29T21:16:03 IST" name="testcase3" data-provider="testData" finished-at="2025-07-29T21:16:03 IST" duration-ms="1" status="PASS">
          <params>
            <param index="0">
              <value>
                <![CDATA[2000.0]]>
              </value>
            </param>
            <param index="1">
              <value>
                <![CDATA[7.5]]>
              </value>
            </param>
          </params>
          <reporter-output>
          </reporter-output>
        </test-method> <!-- testcase3 -->
        <test-method is-config="true" signature="logoutFromApp()[pri:0, instance:testng.frameworkconcepts.Appmethods@2e377400]" started-at="2025-07-29T21:16:03 IST" name="logoutFromApp" finished-at="2025-07-29T21:16:03 IST" duration-ms="0" status="PASS">
          <reporter-output>
          </reporter-output>
        </test-method> <!-- logoutFromApp -->
        <test-method is-config="true" signature="closebrowser()[pri:0, instance:testng.frameworkconcepts.Appmethods@2e377400]" started-at="2025-07-29T21:16:03 IST" name="closebrowser" finished-at="2025-07-29T21:16:03 IST" duration-ms="0" status="PASS">
          <reporter-output>
          </reporter-output>
        </test-method> <!-- closebrowser -->
        <test-method is-config="true" signature="loginfuntionality1(java.lang.String,java.lang.String)[pri:0, instance:testng.frameworkconcepts.Appmethods@2e377400]" started-at="2025-07-29T21:16:03 IST" name="loginfuntionality1" finished-at="2025-07-29T21:16:03 IST" depends-on-methods="testng.frameworkconcepts.Webmethods.launchbrowserandapplication" duration-ms="1" status="PASS">
          <params>
            <param index="0">
              <value>
                <![CDATA[ADMIN]]>
              </value>
            </param>
            <param index="1">
              <value>
                <![CDATA[password123]]>
              </value>
            </param>
          </params>
          <reporter-output>
          </reporter-output>
        </test-method> <!-- loginfuntionality1 -->
        <test-method is-config="true" signature="launchbrowserandapplication(java.lang.String,java.lang.String)[pri:0, instance:testng.frameworkconcepts.Appmethods@2e377400]" started-at="2025-07-29T21:16:03 IST" name="launchbrowserandapplication" finished-at="2025-07-29T21:16:03 IST" duration-ms="0" status="PASS">
          <params>
            <param index="0">
              <value>
                <![CDATA[Chrome]]>
              </value>
            </param>
            <param index="1">
              <value>
                <![CDATA[https://www.example.com]]>
              </value>
            </param>
          </params>
          <reporter-output>
          </reporter-output>
        </test-method> <!-- launchbrowserandapplication -->
        <test-method signature="testcase3(double,double)[pri:0, instance:testng.frameworkconcepts.Appmethods@2e377400]" started-at="2025-07-29T21:16:03 IST" name="testcase3" data-provider="testData" finished-at="2025-07-29T21:16:03 IST" duration-ms="1" status="PASS">
          <params>
            <param index="0">
              <value>
                <![CDATA[1500.0]]>
              </value>
            </param>
            <param index="1">
              <value>
                <![CDATA[6.0]]>
              </value>
            </param>
          </params>
          <reporter-output>
          </reporter-output>
        </test-method> <!-- testcase3 -->
        <test-method is-config="true" signature="closebrowser()[pri:0, instance:testng.frameworkconcepts.Appmethods@2e377400]" started-at="2025-07-29T21:16:03 IST" name="closebrowser" finished-at="2025-07-29T21:16:03 IST" duration-ms="0" status="PASS">
          <reporter-output>
          </reporter-output>
        </test-method> <!-- closebrowser -->
        <test-method is-config="true" signature="logoutFromApp()[pri:0, instance:testng.frameworkconcepts.Appmethods@2e377400]" started-at="2025-07-29T21:16:03 IST" name="logoutFromApp" finished-at="2025-07-29T21:16:03 IST" duration-ms="0" status="PASS">
          <reporter-output>
          </reporter-output>
        </test-method> <!-- logoutFromApp -->
        <test-method is-config="true" signature="stopreporting()[pri:0, instance:testng.frameworkconcepts.Appmethods@2e377400]" started-at="2025-07-29T21:16:03 IST" name="stopreporting" finished-at="2025-07-29T21:16:03 IST" duration-ms="1" status="PASS">
          <reporter-output>
          </reporter-output>
        </test-method> <!-- stopreporting -->
      </class> <!-- testng.frameworkconcepts.Appmethods -->
    </test> <!-- Test -->
  </suite> <!-- Suite -->
</testng-results>
